2021-10-18 22:41:14,916:INFO:PyCaret Supervised Module
2021-10-18 22:41:14,916:INFO:ML Usecase: classification
2021-10-18 22:41:14,916:INFO:version 2.3.4
2021-10-18 22:41:14,916:INFO:Initializing setup()
2021-10-18 22:41:14,916:INFO:setup(target=Rating, ml_usecase=classification, available_plots={'parameter': 'Hyperparameters', 'auc': 'AUC', 'confusion_matrix': 'Confusion Matrix', 'threshold': 'Threshold', 'pr': 'Precision Recall', 'error': 'Prediction Error', 'class_report': 'Class Report', 'rfe': 'Feature Selection', 'learning': 'Learning Curve', 'manifold': 'Manifold Learning', 'calibration': 'Calibration Curve', 'vc': 'Validation Curve', 'dimension': 'Dimensions', 'feature': 'Feature Importance', 'feature_all': 'Feature Importance (All)', 'boundary': 'Decision Boundary', 'lift': 'Lift Chart', 'gain': 'Gain Chart', 'tree': 'Decision Tree', 'ks': 'KS Statistic Plot'}, train_size=0.7, test_data=None, preprocess=True, imputation_type=simple, iterative_imputation_iters=5, categorical_features=None, categorical_imputation=constant, categorical_iterative_imputer=lightgbm, ordinal_features=None, high_cardinality_features=None, high_cardinality_method=frequency, numeric_features=None, numeric_imputation=mean, numeric_iterative_imputer=lightgbm, date_features=None, ignore_features=None, normalize=False, normalize_method=zscore, transformation=False, transformation_method=yeo-johnson, handle_unknown_categorical=True, unknown_categorical_method=least_frequent, pca=False, pca_method=linear, pca_components=None, ignore_low_variance=False, combine_rare_levels=False, rare_level_threshold=0.1, bin_numeric_features=None, remove_outliers=False, outliers_threshold=0.05, remove_multicollinearity=False, multicollinearity_threshold=0.9, remove_perfect_collinearity=True, create_clusters=False, cluster_iter=20, polynomial_features=False, polynomial_degree=2, trigonometry_features=False, polynomial_threshold=0.1, group_features=None, group_names=None, feature_selection=False, feature_selection_threshold=0.8, feature_selection_method=classic, feature_interaction=False, feature_ratio=False, interaction_threshold=0.01, fix_imbalance=False, fix_imbalance_method=None, transform_target=False, transform_target_method=box-cox, data_split_shuffle=True, data_split_stratify=False, fold_strategy=stratifiedkfold, fold=10, fold_shuffle=False, fold_groups=None, n_jobs=-1, use_gpu=False, custom_pipeline=None, html=True, session_id=None, log_experiment=False, experiment_name=None, log_plots=False, log_profile=False, log_data=False, silent=False, verbose=True, profile=False, profile_kwargs=None, display=None)
2021-10-18 22:41:14,917:INFO:Checking environment
2021-10-18 22:41:14,917:INFO:python_version: 3.8.6rc1
2021-10-18 22:41:14,917:INFO:python_build: ('tags/v3.8.6rc1:08bd63d', 'Sep  7 2020 23:10:23')
2021-10-18 22:41:14,917:INFO:machine: AMD64
2021-10-18 22:41:14,917:INFO:platform: Windows-10-10.0.19041-SP0
2021-10-18 22:41:14,918:WARNING:cannot find psutil installation. memory not traceable. Install psutil using pip to enable memory logging.
2021-10-18 22:41:14,918:INFO:Checking libraries
2021-10-18 22:41:14,918:INFO:pd==1.3.3
2021-10-18 22:41:14,918:INFO:numpy==1.19.5
2021-10-18 22:41:14,918:INFO:sklearn==0.23.2
2021-10-18 22:41:14,918:INFO:lightgbm==3.3.0
2021-10-18 22:41:14,919:WARNING:catboost not found
2021-10-18 22:41:14,920:WARNING:xgboost not found
2021-10-18 22:41:15,532:INFO:mlflow==1.20.2
2021-10-18 22:41:15,533:INFO:Checking Exceptions
2021-10-18 22:41:15,533:INFO:Declaring global variables
2021-10-18 22:41:15,533:INFO:USI: 571b
2021-10-18 22:41:15,533:INFO:pycaret_globals: {'gpu_param', 'y_train', 'create_model_container', 'fold_shuffle_param', 'stratify_param', 'X_test', 'html_param', 'fold_param', 'target_param', 'fold_groups_param', 'imputation_classifier', 'y_test', '_available_plots', 'display_container', 'experiment__', 'fix_imbalance_param', 'X', 'fix_imbalance_method_param', 'transform_target_param', 'USI', '_all_models_internal', 'seed', 'log_plots_param', '_internal_pipeline', 'X_train', 'fold_groups_param_full', 'n_jobs_param', 'y', '_gpu_n_jobs_param', 'iterative_imputation_iters_param', '_ml_usecase', 'data_before_preprocess', 'exp_name_log', 'pycaret_globals', 'fold_generator', '_all_models', '_all_metrics', 'imputation_regressor', 'master_model_container', 'logging_param', 'transform_target_method_param', 'prep_pipe'}
2021-10-18 22:41:15,533:INFO:Preparing display monitor
2021-10-18 22:41:15,533:INFO:Preparing display monitor
2021-10-18 22:41:15,544:INFO:Importing libraries
2021-10-18 22:41:15,544:INFO:Copying data for preprocessing
2021-10-18 22:41:15,548:INFO:Declaring preprocessing parameters
2021-10-18 22:41:15,550:INFO:Creating preprocessing pipeline
2021-10-18 22:41:15,572:INFO:Preprocessing pipeline created successfully
2021-10-18 22:41:15,572:ERROR:(Process Exit): setup has been interupted with user command 'quit'. setup must rerun.
2021-10-18 22:41:15,572:INFO:Creating global containers
2021-10-18 22:41:15,573:INFO:Internal pipeline: Pipeline(memory=None, steps=[('empty_step', 'passthrough')], verbose=False)
2021-10-18 22:43:49,864:WARNING:Couldn't import xgboost.XGBClassifier
2021-10-18 22:43:49,884:WARNING:Couldn't import catboost.CatBoostClassifier
2021-10-18 22:43:49,958:WARNING:Couldn't import xgboost.XGBClassifier
2021-10-18 22:43:49,959:WARNING:Couldn't import catboost.CatBoostClassifier
2021-10-18 22:43:49,962:INFO:Creating grid variables
2021-10-18 22:43:50,009:INFO:create_model_container: 0
2021-10-18 22:43:50,009:INFO:master_model_container: 0
2021-10-18 22:43:50,009:INFO:display_container: 1
2021-10-18 22:43:50,015:INFO:Pipeline(memory=None,
         steps=[('dtypes',
                 DataTypes_Auto_infer(categorical_features=[],
                                      display_types=True, features_todrop=[],
                                      id_columns=[],
                                      ml_usecase='classification',
                                      numerical_features=[], target='Rating',
                                      time_features=[])),
                ('imputer',
                 Simple_Imputer(categorical_strategy='not_available',
                                fill_value_categorical=None,
                                fill_value_numerical=None,
                                numeric_strat...
                ('scaling', 'passthrough'), ('P_transform', 'passthrough'),
                ('binn', 'passthrough'), ('rem_outliers', 'passthrough'),
                ('cluster_all', 'passthrough'),
                ('dummy', Dummify(target='Rating')),
                ('fix_perfect', Remove_100(target='Rating')),
                ('clean_names', Clean_Colum_Names()),
                ('feature_select', 'passthrough'), ('fix_multi', 'passthrough'),
                ('dfs', 'passthrough'), ('pca', 'passthrough')],
         verbose=False)
2021-10-18 22:43:50,015:INFO:setup() succesfully completed......................................
2021-10-18 22:43:51,019:INFO:Initializing create_model()
2021-10-18 22:43:51,019:INFO:create_model(estimator=Ir, fold=None, round=4, cross_validation=True, predict=True, fit_kwargs=None, groups=None, refit=True, verbose=True, system=True, metrics=None, add_to_model_list=True, display=None, kwargs={})
2021-10-18 22:43:51,019:INFO:Checking exceptions
